<?xml version="1.0" encoding="UTF-8"?>
<!-- Generated by org.testng.reporters.JUnitReportReporter -->
<testsuite hostname="QT-INBG-LT0746" failures="0" tests="1" name="auto.Mobilestest" time="4.474" errors="0" timestamp="2022-09-28T16:53:21 IST" skipped="0">
  <testcase classname="auto.Mobilestest" name="register" time="4.474"/>
  <system-out/>
</testsuite> <!-- auto.Mobilestest -->
